Linked: (/home/aj/catkin_ws/devel/.private/pkg_ros_basics/include/pkg_ros_basics/myMessage.h, /home/aj/catkin_ws/devel/include/pkg_ros_basics/myMessage.h)
Linked: (/home/aj/catkin_ws/devel/.private/pkg_ros_basics/include/pkg_ros_basics/AddTwoIntsRequest.h, /home/aj/catkin_ws/devel/include/pkg_ros_basics/AddTwoIntsRequest.h)
Linked: (/home/aj/catkin_ws/devel/.private/pkg_ros_basics/include/pkg_ros_basics/AddTwoInts.h, /home/aj/catkin_ws/devel/include/pkg_ros_basics/AddTwoInts.h)
Linked: (/home/aj/catkin_ws/devel/.private/pkg_ros_basics/include/pkg_ros_basics/AddTwoIntsResponse.h, /home/aj/catkin_ws/devel/include/pkg_ros_basics/AddTwoIntsResponse.h)
Linked: (/home/aj/catkin_ws/devel/.private/pkg_ros_basics/share/pkg_ros_basics/cmake/pkg_ros_basicsConfig-version.cmake, /home/aj/catkin_ws/devel/share/pkg_ros_basics/cmake/pkg_ros_basicsConfig-version.cmake)
Linked: (/home/aj/catkin_ws/devel/.private/pkg_ros_basics/share/pkg_ros_basics/cmake/pkg_ros_basics-msg-extras.cmake, /home/aj/catkin_ws/devel/share/pkg_ros_basics/cmake/pkg_ros_basics-msg-extras.cmake)
Linked: (/home/aj/catkin_ws/devel/.private/pkg_ros_basics/share/pkg_ros_basics/cmake/pkg_ros_basicsConfig.cmake, /home/aj/catkin_ws/devel/share/pkg_ros_basics/cmake/pkg_ros_basicsConfig.cmake)
Linked: (/home/aj/catkin_ws/devel/.private/pkg_ros_basics/share/pkg_ros_basics/cmake/pkg_ros_basics-msg-paths.cmake, /home/aj/catkin_ws/devel/share/pkg_ros_basics/cmake/pkg_ros_basics-msg-paths.cmake)
Linked: (/home/aj/catkin_ws/devel/.private/pkg_ros_basics/share/gennodejs/ros/pkg_ros_basics/_index.js, /home/aj/catkin_ws/devel/share/gennodejs/ros/pkg_ros_basics/_index.js)
Linked: (/home/aj/catkin_ws/devel/.private/pkg_ros_basics/share/gennodejs/ros/pkg_ros_basics/msg/_index.js, /home/aj/catkin_ws/devel/share/gennodejs/ros/pkg_ros_basics/msg/_index.js)
Linked: (/home/aj/catkin_ws/devel/.private/pkg_ros_basics/share/gennodejs/ros/pkg_ros_basics/msg/myMessage.js, /home/aj/catkin_ws/devel/share/gennodejs/ros/pkg_ros_basics/msg/myMessage.js)
Linked: (/home/aj/catkin_ws/devel/.private/pkg_ros_basics/share/gennodejs/ros/pkg_ros_basics/srv/AddTwoInts.js, /home/aj/catkin_ws/devel/share/gennodejs/ros/pkg_ros_basics/srv/AddTwoInts.js)
Linked: (/home/aj/catkin_ws/devel/.private/pkg_ros_basics/share/gennodejs/ros/pkg_ros_basics/srv/_index.js, /home/aj/catkin_ws/devel/share/gennodejs/ros/pkg_ros_basics/srv/_index.js)
Linked: (/home/aj/catkin_ws/devel/.private/pkg_ros_basics/share/common-lisp/ros/pkg_ros_basics/msg/pkg_ros_basics-msg.asd, /home/aj/catkin_ws/devel/share/common-lisp/ros/pkg_ros_basics/msg/pkg_ros_basics-msg.asd)
Linked: (/home/aj/catkin_ws/devel/.private/pkg_ros_basics/share/common-lisp/ros/pkg_ros_basics/msg/_package.lisp, /home/aj/catkin_ws/devel/share/common-lisp/ros/pkg_ros_basics/msg/_package.lisp)
Linked: (/home/aj/catkin_ws/devel/.private/pkg_ros_basics/share/common-lisp/ros/pkg_ros_basics/msg/_package_myMessage.lisp, /home/aj/catkin_ws/devel/share/common-lisp/ros/pkg_ros_basics/msg/_package_myMessage.lisp)
Linked: (/home/aj/catkin_ws/devel/.private/pkg_ros_basics/share/common-lisp/ros/pkg_ros_basics/msg/myMessage.lisp, /home/aj/catkin_ws/devel/share/common-lisp/ros/pkg_ros_basics/msg/myMessage.lisp)
Linked: (/home/aj/catkin_ws/devel/.private/pkg_ros_basics/share/common-lisp/ros/pkg_ros_basics/srv/_package.lisp, /home/aj/catkin_ws/devel/share/common-lisp/ros/pkg_ros_basics/srv/_package.lisp)
Linked: (/home/aj/catkin_ws/devel/.private/pkg_ros_basics/share/common-lisp/ros/pkg_ros_basics/srv/AddTwoInts.lisp, /home/aj/catkin_ws/devel/share/common-lisp/ros/pkg_ros_basics/srv/AddTwoInts.lisp)
Linked: (/home/aj/catkin_ws/devel/.private/pkg_ros_basics/share/common-lisp/ros/pkg_ros_basics/srv/pkg_ros_basics-srv.asd, /home/aj/catkin_ws/devel/share/common-lisp/ros/pkg_ros_basics/srv/pkg_ros_basics-srv.asd)
Linked: (/home/aj/catkin_ws/devel/.private/pkg_ros_basics/share/common-lisp/ros/pkg_ros_basics/srv/_package_AddTwoInts.lisp, /home/aj/catkin_ws/devel/share/common-lisp/ros/pkg_ros_basics/srv/_package_AddTwoInts.lisp)
Linked: (/home/aj/catkin_ws/devel/.private/pkg_ros_basics/share/roseus/ros/pkg_ros_basics/manifest.l, /home/aj/catkin_ws/devel/share/roseus/ros/pkg_ros_basics/manifest.l)
Linked: (/home/aj/catkin_ws/devel/.private/pkg_ros_basics/share/roseus/ros/pkg_ros_basics/msg/myMessage.l, /home/aj/catkin_ws/devel/share/roseus/ros/pkg_ros_basics/msg/myMessage.l)
Linked: (/home/aj/catkin_ws/devel/.private/pkg_ros_basics/share/roseus/ros/pkg_ros_basics/srv/AddTwoInts.l, /home/aj/catkin_ws/devel/share/roseus/ros/pkg_ros_basics/srv/AddTwoInts.l)
Linked: (/home/aj/catkin_ws/devel/.private/pkg_ros_basics/lib/python2.7/dist-packages/pkg_ros_basics/__init__.py, /home/aj/catkin_ws/devel/lib/python2.7/dist-packages/pkg_ros_basics/__init__.py)
Linked: (/home/aj/catkin_ws/devel/.private/pkg_ros_basics/lib/python2.7/dist-packages/pkg_ros_basics/msg/__init__.py, /home/aj/catkin_ws/devel/lib/python2.7/dist-packages/pkg_ros_basics/msg/__init__.py)
Linked: (/home/aj/catkin_ws/devel/.private/pkg_ros_basics/lib/python2.7/dist-packages/pkg_ros_basics/msg/_myMessage.py, /home/aj/catkin_ws/devel/lib/python2.7/dist-packages/pkg_ros_basics/msg/_myMessage.py)
Linked: (/home/aj/catkin_ws/devel/.private/pkg_ros_basics/lib/python2.7/dist-packages/pkg_ros_basics/srv/__init__.py, /home/aj/catkin_ws/devel/lib/python2.7/dist-packages/pkg_ros_basics/srv/__init__.py)
Linked: (/home/aj/catkin_ws/devel/.private/pkg_ros_basics/lib/python2.7/dist-packages/pkg_ros_basics/srv/_AddTwoInts.py, /home/aj/catkin_ws/devel/lib/python2.7/dist-packages/pkg_ros_basics/srv/_AddTwoInts.py)
Linked: (/home/aj/catkin_ws/devel/.private/pkg_ros_basics/lib/pkgconfig/pkg_ros_basics.pc, /home/aj/catkin_ws/devel/lib/pkgconfig/pkg_ros_basics.pc)
