[35m[1mScanning dependencies of target _vitarana_drone_generate_messages_check_deps_Gripper[0m
[  0%] Built target std_msgs_generate_messages_cpp
[  0%] Built target std_msgs_generate_messages_eus
[  0%] Built target std_msgs_generate_messages_nodejs
[  0%] Built target std_msgs_generate_messages_lisp
[  0%] Built target std_msgs_generate_messages_py
[  8%] Built target vitarana_drone_gencfg
[  8%] Built target _vitarana_drone_generate_messages_check_deps_edrone_cmd
[  8%] Built target _vitarana_drone_generate_messages_check_deps_prop_speed
[  8%] Built target _vitarana_drone_generate_messages_check_deps_Gripper
[ 12%] [34m[1mGenerating EusLisp code from vitarana_drone/Gripper.srv[0m
[ 16%] [34m[1mGenerating Python code from SRV vitarana_drone/Gripper[0m
[ 20%] [34m[1mGenerating C++ code from vitarana_drone/Gripper.srv[0m
[ 25%] [34m[1mGenerating Lisp code from vitarana_drone/Gripper.srv[0m
[ 29%] [34m[1mGenerating Javascript code from vitarana_drone/Gripper.srv[0m
[ 37%] Built target vitarana_drone_generate_messages_lisp
[ 45%] Built target vitarana_drone_generate_messages_nodejs
[ 58%] Built target vitarana_drone_generate_messages_eus
[ 66%] [34m[1mGenerating Python msg __init__.py for vitarana_drone[0m
[ 66%] [34m[1mGenerating Python srv __init__.py for vitarana_drone[0m
[ 75%] Built target vitarana_drone_generate_messages_py
[ 83%] Built target vitarana_drone_generate_messages_cpp
[35m[1mScanning dependencies of target gazebo_edrone_propulsion[0m
[ 83%] Built target vitarana_drone_generate_messages
[ 91%] Built target gazebo_ros_gps
[ 95%] [32mBuilding CXX object CMakeFiles/gazebo_edrone_propulsion.dir/src/gazebo_edrone_propulsion.cpp.o[0m
[100%] [32m[1mLinking CXX shared library /home/aj/catkin_ws/devel/.private/vitarana_drone/lib/libgazebo_edrone_propulsion.so[0m
[100%] Built target gazebo_edrone_propulsion
